objc[8363]: Class AXEmojiUtilities is implemented in both /Applications/Xcode.app/Contents/Developer/Platforms/iPhoneSimulator.platform/Developer/SDKs/iPhoneSimulator7.1.sdk/System/Library/PrivateFrameworks/AccessibilityUtilities.framework/AccessibilityUtilities and /Applications/Xcode.app/Contents/Developer/Platforms/iPhoneSimulator.platform/Developer/SDKs/iPhoneSimulator7.1.sdk/usr/lib/libAXSpeechManager.dylib. One of the two will be used. Which one is undefined.
2014-04-06 19:50:55.465 HelloCordova[8363:70b] Cannot find executable for CFBundle 0xa595290 </Applications/Xcode.app/Contents/Developer/Platforms/iPhoneSimulator.platform/Developer/SDKs/iPhoneSimulator7.1.sdk/System/Library/AccessibilityBundles/GeoServices.axbundle> (not loaded)
2014-04-06 19:50:55.473 HelloCordova[8363:70b] Cannot find executable for CFBundle 0xa383360 </Applications/Xcode.app/Contents/Developer/Platforms/iPhoneSimulator.platform/Developer/SDKs/iPhoneSimulator7.1.sdk/System/Library/AccessibilityBundles/CertUIFramework.axbundle> (not loaded)
2014-04-06 19:50:55.512 HelloCordova[8363:70b] Multi-tasking -> Device: YES, App: YES
2014-04-06 19:50:55.520 HelloCordova[8363:70b] Unlimited access to network resources
2014-04-06 19:50:55.551 HelloCordova[8363:70b] CDVPlugin class CDVStatusBar (pluginName: statusbar) does not exist.
2014-04-06 19:50:55.552 HelloCordova[8363:70b] [CDVTimer][statusbar] 0.530958ms
2014-04-06 19:50:55.552 HelloCordova[8363:70b] [CDVTimer][TotalPluginStartup] 0.988960ms
2014-04-06 19:50:55.671 HelloCordova[8363:70b] Resetting plugins due to page load.
2014-04-06 19:50:55.973 HelloCordova[8363:70b] Finished load of: file:///Users/rick/Library/Application%20Support/iPhone%20Simulator/7.1/Applications/CA7B08EF-8805-4504-8A04-3FA659B0A30F/HelloCordova.app/www/index.html#/matches
2014-04-06 19:50:55.994 HelloCordova[8363:70b] CDVPlugin class CDVStatusBar (pluginName: StatusBar) does not exist.
2014-04-06 19:50:55.996 HelloCordova[8363:70b] ERROR: Plugin 'StatusBar' not found, or is not a CDVPlugin. Check your plugin mapping in config.xml.
2014-04-06 19:50:55.997 HelloCordova[8363:70b] -[CDVCommandQueue executePending] [Line 158] FAILED pluginJSON = [
  "INVALID",
  "StatusBar",
  "_ready",
  [

  ]
]
2014-04-06 19:50:55.997 HelloCordova[8363:70b] CDVPlugin class CDVDevice (pluginName: Device) does not exist.
2014-04-06 19:50:55.998 HelloCordova[8363:70b] ERROR: Plugin 'Device' not found, or is not a CDVPlugin. Check your plugin mapping in config.xml.
2014-04-06 19:50:55.998 HelloCordova[8363:70b] -[CDVCommandQueue executePending] [Line 158] FAILED pluginJSON = [
  "Device1584425740",
  "Device",
  "getDeviceInfo",
  [

  ]
]
objc[8558]: Class AXEmojiUtilities is implemented in both /Applications/Xcode.app/Contents/Developer/Platforms/iPhoneSimulator.platform/Developer/SDKs/iPhoneSimulator7.1.sdk/System/Library/PrivateFrameworks/AccessibilityUtilities.framework/AccessibilityUtilities and /Applications/Xcode.app/Contents/Developer/Platforms/iPhoneSimulator.platform/Developer/SDKs/iPhoneSimulator7.1.sdk/usr/lib/libAXSpeechManager.dylib. One of the two will be used. Which one is undefined.
2014-04-06 19:55:31.273 ArcheryScore[8558:70b] Cannot find executable for CFBundle 0xa452760 </Applications/Xcode.app/Contents/Developer/Platforms/iPhoneSimulator.platform/Developer/SDKs/iPhoneSimulator7.1.sdk/System/Library/AccessibilityBundles/CertUIFramework.axbundle> (not loaded)
2014-04-06 19:55:31.277 ArcheryScore[8558:70b] Cannot find executable for CFBundle 0xa470130 </Applications/Xcode.app/Contents/Developer/Platforms/iPhoneSimulator.platform/Developer/SDKs/iPhoneSimulator7.1.sdk/System/Library/AccessibilityBundles/GeoServices.axbundle> (not loaded)
2014-04-06 19:55:31.337 ArcheryScore[8558:70b] Multi-tasking -> Device: YES, App: YES
2014-04-06 19:55:31.343 ArcheryScore[8558:70b] Unlimited access to network resources
2014-04-06 19:55:31.361 ArcheryScore[8558:70b] CDVPlugin class CDVStatusBar (pluginName: statusbar) does not exist.
2014-04-06 19:55:31.361 ArcheryScore[8558:70b] [CDVTimer][statusbar] 0.474989ms
2014-04-06 19:55:31.361 ArcheryScore[8558:70b] [CDVTimer][TotalPluginStartup] 0.814021ms
2014-04-06 19:55:31.425 ArcheryScore[8558:70b] Resetting plugins due to page load.
2014-04-06 19:55:31.573 ArcheryScore[8558:70b] Finished load of: file:///Users/rick/Library/Application%20Support/iPhone%20Simulator/7.1/Applications/FF6EDFFA-BB8B-4C05-BC1B-E3199BBF02E9/ArcheryScore.app/www/index.html#/matches
2014-04-06 19:55:31.583 ArcheryScore[8558:70b] CDVPlugin class CDVStatusBar (pluginName: StatusBar) does not exist.
2014-04-06 19:55:31.584 ArcheryScore[8558:70b] ERROR: Plugin 'StatusBar' not found, or is not a CDVPlugin. Check your plugin mapping in config.xml.
2014-04-06 19:55:31.584 ArcheryScore[8558:70b] -[CDVCommandQueue executePending] [Line 158] FAILED pluginJSON = [
  "INVALID",
  "StatusBar",
  "_ready",
  [

  ]
]
2014-04-06 19:55:31.584 ArcheryScore[8558:70b] CDVPlugin class CDVDevice (pluginName: Device) does not exist.
2014-04-06 19:55:31.585 ArcheryScore[8558:70b] ERROR: Plugin 'Device' not found, or is not a CDVPlugin. Check your plugin mapping in config.xml.
2014-04-06 19:55:31.585 ArcheryScore[8558:70b] -[CDVCommandQueue executePending] [Line 158] FAILED pluginJSON = [
  "Device1445740957",
  "Device",
  "getDeviceInfo",
  [

  ]
]
Terminating in response to SpringBoard's termination.
objc[8927]: Class AXEmojiUtilities is implemented in both /Applications/Xcode.app/Contents/Developer/Platforms/iPhoneSimulator.platform/Developer/SDKs/iPhoneSimulator7.1.sdk/System/Library/PrivateFrameworks/AccessibilityUtilities.framework/AccessibilityUtilities and /Applications/Xcode.app/Contents/Developer/Platforms/iPhoneSimulator.platform/Developer/SDKs/iPhoneSimulator7.1.sdk/usr/lib/libAXSpeechManager.dylib. One of the two will be used. Which one is undefined.
2014-04-06 20:29:57.737 ArcheryScore[8927:70b] Cannot find executable for CFBundle 0xa362010 </Applications/Xcode.app/Contents/Developer/Platforms/iPhoneSimulator.platform/Developer/SDKs/iPhoneSimulator7.1.sdk/System/Library/AccessibilityBundles/GeoServices.axbundle> (not loaded)
2014-04-06 20:29:57.744 ArcheryScore[8927:70b] Cannot find executable for CFBundle 0xa37f510 </Applications/Xcode.app/Contents/Developer/Platforms/iPhoneSimulator.platform/Developer/SDKs/iPhoneSimulator7.1.sdk/System/Library/AccessibilityBundles/CertUIFramework.axbundle> (not loaded)
2014-04-06 20:29:57.777 ArcheryScore[8927:70b] Multi-tasking -> Device: YES, App: YES
2014-04-06 20:29:57.786 ArcheryScore[8927:70b] Unlimited access to network resources
2014-04-06 20:29:57.955 ArcheryScore[8927:70b] Resetting plugins due to page load.
2014-04-06 20:29:58.175 ArcheryScore[8927:70b] Finished load of: file:///Users/rick/Library/Application%20Support/iPhone%20Simulator/7.1/Applications/FF6EDFFA-BB8B-4C05-BC1B-E3199BBF02E9/ArcheryScore.app/www/index.html#/matches
